<?xml version="1.0" encoding="UTF-8"?>
<!-- Generated by org.testng.reporters.JUnitReportReporter -->
<testsuite hostname="LTIN654252" failures="0" tests="10" name="com.urbanladder.tests.UrbanladderTest" time="71.950" errors="0" timestamp="2025-08-29T16:57:40 IST" skipped="0">
  <testcase classname="com.urbanladder.tests.UrbanladderTest" name="testLoginFunctionality" time="6.135">
    <system-out>
      <![CDATA[Login test executed]]>
    </system-out>
  </testcase> <!-- testLoginFunctionality -->
  <testcase classname="com.urbanladder.tests.UrbanladderTest" name="testSocialMediaIconsVisibility" time="0.374">
    <system-out>
      <![CDATA[Social media icons visibility test executed]]>
    </system-out>
  </testcase> <!-- testSocialMediaIconsVisibility -->
  <testcase classname="com.urbanladder.tests.UrbanladderTest" name="testHelpPageTopics" time="3.266">
    <system-out>
      <![CDATA[Help page topics printed and navigated back to Home]]>
    </system-out>
  </testcase> <!-- testHelpPageTopics -->
  <testcase classname="com.urbanladder.tests.UrbanladderTest" name="testBeingAtHomeSearch" time="2.173">
    <system-out>
      <![CDATA[Search test completed and top 3 items stored in Excel. Navigated back to Home.]]>
    </system-out>
  </testcase> <!-- testBeingAtHomeSearch -->
  <testcase classname="com.urbanladder.tests.UrbanladderTest" name="testStudyChairDetailsExtraction" time="4.190">
    <system-out>
      <![CDATA[Study Chairs data extracted and stored successfully.]]>
    </system-out>
  </testcase> <!-- testStudyChairDetailsExtraction -->
  <testcase classname="com.urbanladder.tests.UrbanladderTest" name="testBookshelvesFilteringAndExtraction" time="6.186">
    <system-out>
      <![CDATA[Bookshelves filtering and extraction test executed]]>
    </system-out>
  </testcase> <!-- testBookshelvesFilteringAndExtraction -->
  <testcase classname="com.urbanladder.tests.UrbanladderTest" name="testHyderabadStores" time="27.009">
    <system-out>
      <![CDATA[Hyderabad store listing test executed and navigated back to Home]]>
    </system-out>
  </testcase> <!-- testHyderabadStores -->
  <testcase classname="com.urbanladder.tests.UrbanladderTest" name="testAddProductToWishlist" time="4.477">
    <system-out>
      <![CDATA[Wishlist test executed and navigated back to Home]]>
    </system-out>
  </testcase> <!-- testAddProductToWishlist -->
  <testcase classname="com.urbanladder.tests.UrbanladderTest" name="testCheckoutFlow" time="16.398">
    <system-out>
      <![CDATA[Checkout flow test executed and navigated back to Home]]>
    </system-out>
  </testcase> <!-- testCheckoutFlow -->
  <testcase classname="com.urbanladder.tests.UrbanladderTest" name="testAddressPageValidationFromExcel" time="1.742">
    <system-out>
      <![CDATA[Starting address validation with valid data
Valid address data filled and verified
Starting address validation with invalid data
Invalid address data filled and error handling verified]]>
    </system-out>
  </testcase> <!-- testAddressPageValidationFromExcel -->
  <system-out>
    <![CDATA[Login test executed
Social media icons visibility test executed
Help page topics printed and navigated back to Home
Search test completed and top 3 items stored in Excel. Navigated back to Home.
Study Chairs data extracted and stored successfully.
Bookshelves filtering and extraction test executed
Hyderabad store listing test executed and navigated back to Home
Wishlist test executed and navigated back to Home
Checkout flow test executed and navigated back to Home
Starting address validation with valid data
Valid address data filled and verified
Starting address validation with invalid data
Invalid address data filled and error handling verified
Browser closed after test execution]]>
  </system-out>
</testsuite> <!-- com.urbanladder.tests.UrbanladderTest -->
